[codervent.com/gum/nikon/demo/vertical/ltr/index.html]
[codervent.com/gum/nikon/demo/vertical/ltr/assets/images/favicon-32x32.png]
[codervent.com/gum/nikon/demo/vertical/ltr/assets/plugins/vectormap/jquery-jvectormap-2.0.2.css]
[codervent.com/gum/nikon/demo/vertical/ltr/assets/plugins/simplebar/css/simplebar.css]
[codervent.com/gum/nikon/demo/vertical/ltr/assets/plugins/perfect-scrollbar/css/perfect-scrollbar.css]
[codervent.com/gum/nikon/demo/vertical/ltr/assets/plugins/metismenu/css/metisMenu.min.css]
[codervent.com/gum/nikon/demo/vertical/ltr/assets/css/pace.min.css]
[codervent.com/gum/nikon/demo/vertical/ltr/assets/js/pace.min.js]
[codervent.com/gum/nikon/demo/vertical/ltr/assets/css/bootstrap.min.css]
[codervent.com/gum/nikon/demo/vertical/ltr/assets/css/bootstrap-extended.css]
[codervent.com/gum/nikon/demo/vertical/ltr/assets/css/app.css]
[codervent.com/gum/nikon/demo/vertical/ltr/assets/css/icons.css]
[codervent.com/gum/nikon/demo/vertical/ltr/assets/css/dark-theme.css]
[codervent.com/gum/nikon/demo/vertical/ltr/assets/css/semi-dark.css]
[backblue.gif]
[fade.gif]
[index.html]
[codervent.com/gum/nikon/demo/vertical/ltr/assets/css/header-colors.css]
[codervent.com/gum/nikon/demo/vertical/ltr/assets/images/logo-icon.png]
[codervent.com/gum/nikon/demo/vertical/ltr/app-emailbox.html]
[codervent.com/gum/nikon/demo/vertical/ltr/app-chat-box.html]
[codervent.com/gum/nikon/demo/vertical/ltr/app-file-manager.html]
[codervent.com/gum/nikon/demo/vertical/ltr/app-contact-list.html]
[codervent.com/gum/nikon/demo/vertical/ltr/app-to-do.html]
[codervent.com/gum/nikon/demo/vertical/ltr/app-invoice.html]
[codervent.com/gum/nikon/demo/vertical/ltr/app-fullcalender.html]
[codervent.com/gum/nikon/demo/vertical/ltr/widgets.html]
[codervent.com/gum/nikon/demo/vertical/ltr/ecommerce-products.html]
[codervent.com/gum/nikon/demo/vertical/ltr/ecommerce-products-details.html]
[codervent.com/gum/nikon/demo/vertical/ltr/ecommerce-add-new-products.html]
[codervent.com/gum/nikon/demo/vertical/ltr/ecommerce-orders.html]
[codervent.com/gum/nikon/demo/vertical/ltr/component-alerts.html]
[codervent.com/gum/nikon/demo/vertical/ltr/component-accordions.html]
[codervent.com/gum/nikon/demo/vertical/ltr/component-badges.html]
[codervent.com/gum/nikon/demo/vertical/ltr/component-buttons.html]
[codervent.com/gum/nikon/demo/vertical/ltr/component-cards.html]
[codervent.com/gum/nikon/demo/vertical/ltr/component-carousels.html]
[codervent.com/gum/nikon/demo/vertical/ltr/component-list-groups.html]
[codervent.com/gum/nikon/demo/vertical/ltr/component-media-object.html]
[codervent.com/gum/nikon/demo/vertical/ltr/component-modals.html]
[codervent.com/gum/nikon/demo/vertical/ltr/component-navs-tabs.html]
[codervent.com/gum/nikon/demo/vertical/ltr/component-navbar.html]
[codervent.com/gum/nikon/demo/vertical/ltr/component-paginations.html]
[codervent.com/gum/nikon/demo/vertical/ltr/component-popovers-tooltips.html]
[codervent.com/gum/nikon/demo/vertical/ltr/component-progress-bars.html]
[codervent.com/gum/nikon/demo/vertical/ltr/component-spinners.html]
[codervent.com/gum/nikon/demo/vertical/ltr/component-notifications.html]
[codervent.com/gum/nikon/demo/vertical/ltr/component-avtars-chips.html]
[codervent.com/gum/nikon/demo/vertical/ltr/content-grid-system.html]
[codervent.com/gum/nikon/demo/vertical/ltr/content-typography.html]
[codervent.com/gum/nikon/demo/vertical/ltr/content-text-utilities.html]
[codervent.com/gum/nikon/demo/vertical/ltr/icons-line-icons.html]
[codervent.com/gum/nikon/demo/vertical/ltr/icons-feather-icons.html]
[codervent.com/gum/nikon/demo/vertical/ltr/icons-boxicons.html]
[codervent.com/gum/nikon/demo/vertical/ltr/form-froala-editor.html]
[codervent.com/gum/nikon/demo/vertical/ltr/form-elements.html]
[codervent.com/gum/nikon/demo/vertical/ltr/form-input-group.html]
[codervent.com/gum/nikon/demo/vertical/ltr/form-radios-and-checkboxes.html]
[codervent.com/gum/nikon/demo/vertical/ltr/form-layouts.html]
[codervent.com/gum/nikon/demo/vertical/ltr/form-validations.html]
[codervent.com/gum/nikon/demo/vertical/ltr/form-wizard.html]
[codervent.com/gum/nikon/demo/vertical/ltr/form-text-editor.html]
[codervent.com/gum/nikon/demo/vertical/ltr/form-file-upload.html]
[codervent.com/gum/nikon/demo/vertical/ltr/form-date-time-pickes.html]
[codervent.com/gum/nikon/demo/vertical/ltr/form-select2.html]
[codervent.com/gum/nikon/demo/vertical/ltr/form-repeater.html]
[codervent.com/gum/nikon/demo/vertical/ltr/table-basic-table.html]
[codervent.com/gum/nikon/demo/vertical/ltr/table-datatable.html]
[codervent.com/gum/nikon/demo/vertical/ltr/auth-basic-signin.html]
[codervent.com/gum/nikon/demo/vertical/ltr/auth-basic-signup.html]
[codervent.com/gum/nikon/demo/vertical/ltr/auth-basic-forgot-password.html]
[codervent.com/gum/nikon/demo/vertical/ltr/auth-basic-reset-password.html]
[codervent.com/gum/nikon/demo/vertical/ltr/auth-cover-signin.html]
[codervent.com/gum/nikon/demo/vertical/ltr/auth-cover-signup.html]
[codervent.com/gum/nikon/demo/vertical/ltr/auth-cover-forgot-password.html]
[codervent.com/gum/nikon/demo/vertical/ltr/auth-cover-reset-password.html]
[codervent.com/gum/nikon/demo/vertical/ltr/auth-header-footer-signin.html]
[codervent.com/gum/nikon/demo/vertical/ltr/auth-header-footer-signup.html]
[codervent.com/gum/nikon/demo/vertical/ltr/auth-header-footer-forgot-password.html]
[codervent.com/gum/nikon/demo/vertical/ltr/auth-header-footer-reset-password.html]
[codervent.com/gum/nikon/demo/vertical/ltr/user-profile.html]
[codervent.com/gum/nikon/demo/vertical/ltr/timeline.html]
[codervent.com/gum/nikon/demo/vertical/ltr/errors-404-error.html]
[codervent.com/gum/nikon/demo/vertical/ltr/errors-500-error.html]
[codervent.com/gum/nikon/demo/vertical/ltr/errors-coming-soon.html]
[codervent.com/gum/nikon/demo/vertical/ltr/error-blank-page.html]
[codervent.com/gum/nikon/demo/vertical/ltr/faq.html]
[codervent.com/gum/nikon/demo/vertical/ltr/pricing-table.html]
[codervent.com/gum/nikon/demo/vertical/ltr/charts-apex-chart.html]
[codervent.com/gum/nikon/demo/vertical/ltr/charts-chartjs.html]
[codervent.com/gum/nikon/demo/vertical/ltr/charts-highcharts.html]
[codervent.com/gum/nikon/demo/vertical/ltr/map-google-maps.html]
[codervent.com/gum/nikon/demo/vertical/ltr/map-vector-maps.html]
[codervent.com/gum/nikon/demo/vertical/ltr/assets/images/county/02.png]
[codervent.com/gum/nikon/demo/vertical/ltr/assets/images/county/01.png]
[codervent.com/gum/nikon/demo/vertical/ltr/assets/images/county/03.png]
[codervent.com/gum/nikon/demo/vertical/ltr/assets/images/county/04.png]
[codervent.com/gum/nikon/demo/vertical/ltr/assets/images/county/05.png]
[codervent.com/gum/nikon/demo/vertical/ltr/assets/images/county/06.png]
[codervent.com/gum/nikon/demo/vertical/ltr/assets/images/county/07.png]
[codervent.com/gum/nikon/demo/vertical/ltr/assets/images/county/08.png]
[codervent.com/gum/nikon/demo/vertical/ltr/assets/images/app/slack.png]
[codervent.com/gum/nikon/demo/vertical/ltr/assets/images/app/behance.png]
[codervent.com/gum/nikon/demo/vertical/ltr/assets/images/app/google-drive.png]
[codervent.com/gum/nikon/demo/vertical/ltr/assets/images/app/outlook.png]
[codervent.com/gum/nikon/demo/vertical/ltr/assets/images/app/github.png]
[codervent.com/gum/nikon/demo/vertical/ltr/assets/images/app/stack-overflow.png]
[codervent.com/gum/nikon/demo/vertical/ltr/assets/images/app/figma.png]
[codervent.com/gum/nikon/demo/vertical/ltr/assets/images/app/twitter.png]
[codervent.com/gum/nikon/demo/vertical/ltr/assets/images/app/google-calendar.png]
[codervent.com/gum/nikon/demo/vertical/ltr/assets/images/app/spotify.png]
[codervent.com/gum/nikon/demo/vertical/ltr/assets/images/app/google-photos.png]
[codervent.com/gum/nikon/demo/vertical/ltr/assets/images/app/pinterest.png]
[codervent.com/gum/nikon/demo/vertical/ltr/assets/images/app/linkedin.png]
[codervent.com/gum/nikon/demo/vertical/ltr/assets/images/app/dribble.png]
[codervent.com/gum/nikon/demo/vertical/ltr/assets/images/app/youtube.png]
[codervent.com/gum/nikon/demo/vertical/ltr/assets/images/app/google.png]
[codervent.com/gum/nikon/demo/vertical/ltr/assets/images/app/vue.png]
[codervent.com/gum/nikon/demo/vertical/ltr/assets/images/app/safari.png]
[codervent.com/gum/nikon/demo/vertical/ltr/assets/images/avatars/avatar-1.png]
[codervent.com/gum/nikon/demo/vertical/ltr/assets/images/avatars/avatar-2.png]
[codervent.com/gum/nikon/demo/vertical/ltr/assets/images/avatars/avatar-4.png]
[codervent.com/gum/nikon/demo/vertical/ltr/assets/images/avatars/avatar-8.png]
[codervent.com/gum/nikon/demo/vertical/ltr/assets/images/products/11.png]
[codervent.com/gum/nikon/demo/vertical/ltr/assets/images/products/02.png]
[codervent.com/gum/nikon/demo/vertical/ltr/assets/images/products/03.png]
[codervent.com/gum/nikon/demo/vertical/ltr/assets/images/products/04.png]
[codervent.com/gum/nikon/demo/vertical/ltr/assets/images/products/05.png]
[codervent.com/gum/nikon/demo/vertical/ltr/assets/images/products/06.png]
[codervent.com/gum/nikon/demo/vertical/ltr/assets/images/products/07.png]
[codervent.com/gum/nikon/demo/vertical/ltr/assets/images/products/08.png]
[codervent.com/gum/nikon/demo/vertical/ltr/assets/images/products/09.png]
[codervent.com/gum/nikon/demo/vertical/ltr/assets/images/avatars/avatar-3.png]
[codervent.com/gum/nikon/demo/vertical/ltr/assets/images/avatars/avatar-7.png]
[codervent.com/gum/nikon/demo/vertical/ltr/assets/js/bootstrap.bundle.min.js]
[codervent.com/gum/nikon/demo/vertical/ltr/assets/plugins/simplebar/js/simplebar.min.js]
[codervent.com/gum/nikon/demo/vertical/ltr/assets/js/jquery.min.js]
[codervent.com/gum/nikon/demo/vertical/ltr/assets/plugins/metismenu/js/metisMenu.min.js]
[codervent.com/gum/nikon/demo/vertical/ltr/assets/plugins/perfect-scrollbar/js/perfect-scrollbar.js]
[codervent.com/gum/nikon/demo/vertical/ltr/assets/plugins/vectormap/jquery-jvectormap-2.0.2.min.js]
[codervent.com/gum/nikon/demo/vertical/ltr/assets/plugins/vectormap/jquery-jvectormap-world-mill-en.js]
[codervent.com/gum/nikon/demo/vertical/ltr/assets/plugins/sparkline-charts/jquery.sparkline.min.js]
[codervent.com/gum/nikon/demo/vertical/ltr/assets/plugins/chartjs/js/chart.js]
[codervent.com/gum/nikon/demo/vertical/ltr/assets/js/index.js]
[codervent.com/gum/nikon/demo/vertical/ltr/assets/js/app.js]
[codervent.com/gum/nikon/demo/vertical/ltr/index.html]
[fonts.googleapis.com/css276c7.css]
[codervent.com/gum/nikon/demo/vertical/ltr/app-emailbox.html]
[codervent.com/gum/nikon/demo/vertical/ltr/app-emailread.html]
[codervent.com/gum/nikon/demo/vertical/ltr/assets/images/avatars/avatar-5.png]
[codervent.com/gum/nikon/demo/vertical/ltr/assets/images/avatars/avatar-6.png]
[codervent.com/gum/nikon/demo/vertical/ltr/assets/images/avatars/avatar-9.png]
[codervent.com/gum/nikon/demo/vertical/ltr/assets/images/avatars/avatar-10.png]
[codervent.com/gum/nikon/demo/vertical/ltr/app-chat-box.html]
[codervent.com/gum/nikon/demo/vertical/ltr/app-file-manager.html]
[codervent.com/gum/nikon/demo/vertical/ltr/assets/images/avatars/avatar-11.png]
[codervent.com/gum/nikon/demo/vertical/ltr/app-contact-list.html]
[codervent.com/gum/nikon/demo/vertical/ltr/app-to-do.html]
[codervent.com/gum/nikon/demo/vertical/ltr/app-invoice.html]
[codervent.com/gum/nikon/demo/vertical/ltr/assets/images/avatars/avatar-15.png]
[codervent.com/gum/nikon/demo/vertical/ltr/assets/plugins/fullcalendar/css/main.min.css]
[codervent.com/gum/nikon/demo/vertical/ltr/app-fullcalender.html]
[codervent.com/gum/nikon/demo/vertical/ltr/assets/plugins/jquery.easy-pie-chart/jquery.easypiechart.min.js]
[codervent.com/gum/nikon/demo/vertical/ltr/assets/plugins/fullcalendar/js/main.min.js]
[codervent.com/gum/nikon/demo/vertical/ltr/assets/plugins/peity/jquery.peity.min.js]
[codervent.com/gum/nikon/demo/vertical/ltr/widgets.html]
[codervent.com/gum/nikon/demo/vertical/ltr/assets/js/widgets.js]
[codervent.com/gum/nikon/demo/vertical/ltr/assets/images/products/01.png]
[codervent.com/gum/nikon/demo/vertical/ltr/ecommerce-products.html]
[codervent.com/gum/nikon/demo/vertical/ltr/assets/images/products/10.png]
[codervent.com/gum/nikon/demo/vertical/ltr/assets/images/products/13.png]
[codervent.com/gum/nikon/demo/vertical/ltr/assets/plugins/apexcharts-bundle/js/apexcharts.min.js]
[codervent.com/gum/nikon/demo/vertical/ltr/assets/images/products/12.png]
[codervent.com/gum/nikon/demo/vertical/ltr/assets/images/products/14.png]
[codervent.com/gum/nikon/demo/vertical/ltr/assets/images/products/15.png]
[codervent.com/gum/nikon/demo/vertical/ltr/assets/images/products/16.png]
[codervent.com/gum/nikon/demo/vertical/ltr/assets/images/products/17.png]
[codervent.com/gum/nikon/demo/vertical/ltr/ecommerce-products-details.html]
[codervent.com/gum/nikon/demo/vertical/ltr/assets/images/products/19.png]
[codervent.com/gum/nikon/demo/vertical/ltr/assets/plugins/Drag-And-Drop/dist/imageuploadify.min.css]
[codervent.com/gum/nikon/demo/vertical/ltr/ecommerce-add-new-products.html]
[codervent.com/gum/nikon/demo/vertical/ltr/ecommerce-orders.html]
[codervent.com/gum/nikon/demo/vertical/ltr/component-alerts.html]
[codervent.com/gum/nikon/demo/vertical/ltr/component-accordions.html]
[codervent.com/gum/nikon/demo/vertical/ltr/component-badges.html]
[codervent.com/gum/nikon/demo/vertical/ltr/component-buttons.html]
[codervent.com/gum/nikon/demo/vertical/ltr/assets/plugins/Drag-And-Drop/dist/imageuploadify.min.js]
[codervent.com/gum/nikon/demo/vertical/ltr/assets/images/gallery/01.png]
[codervent.com/gum/nikon/demo/vertical/ltr/assets/images/gallery/02.png]
[codervent.com/gum/nikon/demo/vertical/ltr/assets/images/gallery/03.png]
[codervent.com/gum/nikon/demo/vertical/ltr/assets/images/gallery/04.png]
[codervent.com/gum/nikon/demo/vertical/ltr/assets/images/gallery/05.png]
[codervent.com/gum/nikon/demo/vertical/ltr/assets/images/gallery/06.png]
[codervent.com/gum/nikon/demo/vertical/ltr/assets/images/gallery/07.png]
[codervent.com/gum/nikon/demo/vertical/ltr/assets/images/gallery/08.png]
[codervent.com/gum/nikon/demo/vertical/ltr/assets/images/gallery/09.png]
[codervent.com/gum/nikon/demo/vertical/ltr/assets/images/gallery/10.png]
[codervent.com/gum/nikon/demo/vertical/ltr/assets/images/gallery/11.png]
[codervent.com/gum/nikon/demo/vertical/ltr/assets/images/gallery/12.png]
[codervent.com/gum/nikon/demo/vertical/ltr/assets/images/gallery/13.png]
[codervent.com/gum/nikon/demo/vertical/ltr/assets/images/gallery/14.png]
[codervent.com/gum/nikon/demo/vertical/ltr/assets/images/gallery/15.png]
[codervent.com/gum/nikon/demo/vertical/ltr/assets/images/gallery/16.png]
[codervent.com/gum/nikon/demo/vertical/ltr/component-cards.html]
[codervent.com/gum/nikon/demo/vertical/ltr/assets/images/gallery/17.png]
[codervent.com/gum/nikon/demo/vertical/ltr/assets/images/gallery/18.png]
[codervent.com/gum/nikon/demo/vertical/ltr/assets/images/gallery/19.png]
[codervent.com/gum/nikon/demo/vertical/ltr/assets/images/gallery/20.png]
[codervent.com/gum/nikon/demo/vertical/ltr/assets/images/gallery/21.png]
[codervent.com/gum/nikon/demo/vertical/ltr/assets/images/gallery/22.png]
[codervent.com/gum/nikon/demo/vertical/ltr/assets/images/gallery/23.png]
[codervent.com/gum/nikon/demo/vertical/ltr/assets/images/gallery/24.png]
[codervent.com/gum/nikon/demo/vertical/ltr/assets/images/gallery/25.png]
[codervent.com/gum/nikon/demo/vertical/ltr/assets/images/gallery/26.png]
[codervent.com/gum/nikon/demo/vertical/ltr/assets/images/gallery/27.png]
[codervent.com/gum/nikon/demo/vertical/ltr/assets/images/gallery/28.png]
[codervent.com/gum/nikon/demo/vertical/ltr/assets/images/gallery/29.png]
[codervent.com/gum/nikon/demo/vertical/ltr/assets/images/gallery/30.png]
[codervent.com/gum/nikon/demo/vertical/ltr/assets/images/gallery/31.png]
[codervent.com/gum/nikon/demo/vertical/ltr/assets/images/gallery/32.png]
[codervent.com/gum/nikon/demo/vertical/ltr/assets/images/gallery/33.png]
[codervent.com/gum/nikon/demo/vertical/ltr/assets/images/gallery/34.png]
[codervent.com/gum/nikon/demo/vertical/ltr/component-carousels.html]
[codervent.com/gum/nikon/demo/vertical/ltr/component-list-groups.html]
[codervent.com/gum/nikon/demo/vertical/ltr/component-media-object.html]
[codervent.com/gum/nikon/demo/vertical/ltr/component-modals.html]
[codervent.com/gum/nikon/demo/vertical/ltr/component-navs-tabs.html]
[codervent.com/gum/nikon/demo/vertical/ltr/component-navbar.html]
[codervent.com/gum/nikon/demo/vertical/ltr/component-paginations.html]
[codervent.com/gum/nikon/demo/vertical/ltr/component-popovers-tooltips.html]
[codervent.com/gum/nikon/demo/vertical/ltr/component-progress-bars.html]
[codervent.com/gum/nikon/demo/vertical/ltr/component-spinners.html]
[codervent.com/gum/nikon/demo/vertical/ltr/assets/plugins/notifications/css/lobibox.min.css]
[codervent.com/gum/nikon/demo/vertical/ltr/assets/plugins/notifications/js/lobibox.min.js]
[codervent.com/gum/nikon/demo/vertical/ltr/assets/plugins/notifications/js/notifications.min.js]
[codervent.com/gum/nikon/demo/vertical/ltr/assets/plugins/notifications/js/notification-custom-script.js]
[codervent.com/gum/nikon/demo/vertical/ltr/component-notifications.html]
[codervent.com/gum/nikon/demo/vertical/ltr/component-avtars-chips.html]
[codervent.com/gum/nikon/demo/vertical/ltr/content-grid-system.html]
[codervent.com/gum/nikon/demo/vertical/ltr/content-typography.html]
[via.placeholder.com/120x120.png]
[via.placeholder.com/150x75.png]
[codervent.com/gum/nikon/demo/vertical/ltr/content-text-utilities.html]
[codervent.com/gum/nikon/demo/vertical/ltr/icons-line-icons.html]
[codervent.com/gum/nikon/demo/vertical/ltr/icons-boxicons.html]
[codervent.com/gum/nikon/demo/vertical/ltr/icons-feather-icons.html]
[cdn.jsdelivr.net/npm/froala-editor@latest/css/froala_editor.pkgd.min.css]
[cdn.jsdelivr.net/npm/froala-editor@latest/js/froala_editor.pkgd.min.js]
[codervent.com/gum/nikon/demo/vertical/ltr/form-froala-editor.html]
[ci3.googleusercontent.com/proxy/9qh3UJq0QGE8vVtSGDlLu8601TjwHC2L4C2K63wAObuAOLx2svVz5q2tUnJuuXAGZhIizqMPOzhBNVOAurcGHPI1YCmM8MwxqBBVugoMVhzdAa7Lgf9SUpJ_-KaCrAXMDWG-z0bwK0C5ZEUEp94lw_OtmxT6=s0-d-e1-ft.d0.delay]
[codervent.com/gum/nikon/demo/vertical/ltr/assets/plugins/input-tags/css/tagsinput.css]
[codervent.com/gum/nikon/demo/vertical/ltr/form-elements.html]
[codervent.com/gum/nikon/demo/vertical/ltr/form-input-group.html]
[codervent.com/gum/nikon/demo/vertical/ltr/form-radios-and-checkboxes.html]
[codervent.com/gum/nikon/demo/vertical/ltr/form-layouts.html]
[codervent.com/gum/nikon/demo/vertical/ltr/assets/plugins/input-tags/js/tagsinput.js]
[codervent.com/gum/nikon/demo/vertical/ltr/assets/plugins/validation/jquery.validate.min.js]
[codervent.com/gum/nikon/demo/vertical/ltr/form-validations.html]
[codervent.com/gum/nikon/demo/vertical/ltr/assets/plugins/validation/validation-script.js]
[codervent.com/gum/nikon/demo/vertical/ltr/assets/plugins/bs-stepper/css/bs-stepper.css]
[codervent.com/gum/nikon/demo/vertical/ltr/assets/plugins/bs-stepper/js/bs-stepper.min.js]
[codervent.com/gum/nikon/demo/vertical/ltr/form-wizard.html]
[codervent.com/gum/nikon/demo/vertical/ltr/assets/plugins/bs-stepper/js/main.js]
[cdn.quilljs.com/1.3.6/quill.snow.css]
[codervent.com/gum/nikon/demo/vertical/ltr/form-text-editor.html]
[cdn.quilljs.com/1.3.6/quill.js]
[codervent.com/gum/nikon/demo/vertical/ltr/assets/plugins/fancy-file-uploader/fancy_fileupload.css]
[codervent.com/gum/nikon/demo/vertical/ltr/assets/plugins/fancy-file-uploader/jquery.ui.widget.js]
[codervent.com/gum/nikon/demo/vertical/ltr/assets/plugins/fancy-file-uploader/jquery.fileupload.js]
[codervent.com/gum/nikon/demo/vertical/ltr/assets/plugins/fancy-file-uploader/jquery.iframe-transport.js]
[codervent.com/gum/nikon/demo/vertical/ltr/form-file-upload.html]
[codervent.com/gum/nikon/demo/vertical/ltr/assets/plugins/fancy-file-uploader/jquery.fancy-fileupload.js]
[codervent.com/gum/nikon/demo/vertical/ltr/form-date-time-pickes.html]
[cdn.jsdelivr.net/npm/flatpickr/dist/flatpickr.min.css]
[cdn.jsdelivr.net/npm/select2@4.1.0-rc.0/dist/css/select2.min.css]
[cdn.jsdelivr.net/npm/select2-bootstrap-5-theme@1.3.0/dist/select2-bootstrap-5-theme.min.css]
[cdn.jsdelivr.net/npm/select2@4.1.0-rc.0/dist/js/select2.min.js]
[codervent.com/gum/nikon/demo/vertical/ltr/assets/plugins/select2/js/select2-custom.js]
[codervent.com/gum/nikon/demo/vertical/ltr/form-select2.html]
[codervent.com/gum/nikon/demo/vertical/ltr/assets/plugins/form-repeater/repeater.js]
[codervent.com/gum/nikon/demo/vertical/ltr/form-repeater.html]
[codervent.com/gum/nikon/demo/vertical/ltr/table-basic-table.html]
[codervent.com/gum/nikon/demo/vertical/ltr/assets/plugins/datatable/css/dataTables.bootstrap5.min.css]
[codervent.com/gum/nikon/demo/vertical/ltr/assets/plugins/datatable/js/dataTables.bootstrap5.min.js]
[codervent.com/gum/nikon/demo/vertical/ltr/table-datatable.html]
[codervent.com/gum/nikon/demo/vertical/ltr/auth-basic-signin.html]
[codervent.com/gum/nikon/demo/vertical/ltr/auth-basic-signup.html]
[codervent.com/gum/nikon/demo/vertical/ltr/assets/images/icons/forgot-2.png]
[codervent.com/gum/nikon/demo/vertical/ltr/auth-basic-forgot-password.html]
[codervent.com/gum/nikon/demo/vertical/ltr/auth-basic-reset-password.html]
[codervent.com/gum/nikon/demo/vertical/ltr/auth-cover-signin.html]
[codervent.com/gum/nikon/demo/vertical/ltr/auth-cover-signup.html]
[codervent.com/gum/nikon/demo/vertical/ltr/auth-cover-forgot-password.html]
[codervent.com/gum/nikon/demo/vertical/ltr/auth-cover-reset-password.html]
[codervent.com/gum/nikon/demo/vertical/ltr/assets/images/logo-img.png]
[codervent.com/gum/nikon/demo/vertical/ltr/auth-header-footer-signin.html]
[codervent.com/gum/nikon/demo/vertical/ltr/auth-header-footer-signup.html]
[codervent.com/gum/nikon/demo/vertical/ltr/auth-header-footer-forgot-password.html]
[codervent.com/gum/nikon/demo/vertical/ltr/auth-header-footer-reset-password.html]
[codervent.com/gum/nikon/demo/vertical/ltr/user-profile.html]
[codervent.com/gum/nikon/demo/vertical/ltr/timeline.html]
[codervent.com/gum/nikon/demo/vertical/ltr/errors-404-error.html]
[codervent.com/gum/nikon/demo/vertical/ltr/errors-500-error.html]
[codervent.com/gum/nikon/demo/vertical/ltr/errors-coming-soon.html]
[codervent.com/gum/nikon/demo/vertical/ltr/error-blank-page.html]
[codervent.com/gum/nikon/demo/vertical/ltr/faq.html]
[codervent.com/gum/nikon/demo/vertical/ltr/pricing-table.html]
[codervent.com/gum/nikon/demo/vertical/ltr/assets/images/errors-images/505-error.png]
[codervent.com/gum/nikon/demo/vertical/ltr/assets/plugins/apexcharts-bundle/js/apex-custom.js]
[codervent.com/gum/nikon/demo/vertical/ltr/charts-apex-chart.html]
[codervent.com/gum/nikon/demo/vertical/ltr/assets/plugins/chartjs/js/chartjs-custom.js]
[codervent.com/gum/nikon/demo/vertical/ltr/charts-chartjs.html]
[codervent.com/gum/nikon/demo/vertical/ltr/assets/plugins/highcharts/css/highcharts.css]
[codervent.com/gum/nikon/demo/vertical/ltr/assets/plugins/highcharts/js/highcharts-more.js]
[codervent.com/gum/nikon/demo/vertical/ltr/assets/plugins/highcharts/js/variable-pie.js]
[codervent.com/gum/nikon/demo/vertical/ltr/assets/plugins/highcharts/js/solid-gauge.js]
[codervent.com/gum/nikon/demo/vertical/ltr/assets/plugins/highcharts/js/highcharts.js]
[codervent.com/gum/nikon/demo/vertical/ltr/assets/plugins/highcharts/js/highcharts-3d.js]
[codervent.com/gum/nikon/demo/vertical/ltr/assets/plugins/highcharts/js/cylinder.js]
[codervent.com/gum/nikon/demo/vertical/ltr/assets/plugins/highcharts/js/funnel3d.js]
[codervent.com/gum/nikon/demo/vertical/ltr/assets/plugins/highcharts/js/exporting.js]
[codervent.com/gum/nikon/demo/vertical/ltr/assets/plugins/highcharts/js/export-data.js]
[codervent.com/gum/nikon/demo/vertical/ltr/charts-highcharts.html]
[codervent.com/gum/nikon/demo/vertical/ltr/assets/plugins/highcharts/js/highcharts-custom.script.js]
[codervent.com/gum/nikon/demo/vertical/ltr/assets/plugins/highcharts/js/accessibility.js]
[codervent.com/gum/nikon/demo/vertical/ltr/assets/plugins/gmaps/map-custom-script.js]
[codervent.com/gum/nikon/demo/vertical/ltr/map-google-maps.html]
[codervent.com/gum/nikon/demo/vertical/ltr/assets/plugins/vectormap/jquery-jvectormap-in-mill.js]
[codervent.com/gum/nikon/demo/vertical/ltr/assets/plugins/vectormap/jquery-jvectormap-us-aea-en.js]
[codervent.com/gum/nikon/demo/vertical/ltr/assets/plugins/vectormap/jquery-jvectormap-uk-mill-en.js]
[codervent.com/gum/nikon/demo/vertical/ltr/assets/plugins/vectormap/jquery-jvectormap-au-mill.js]
[codervent.com/gum/nikon/demo/vertical/ltr/map-vector-maps.html]
[codervent.com/gum/nikon/demo/vertical/ltr/app-emailread.html]
[codervent.com/gum/nikon/demo/vertical/ltr/assets/plugins/vectormap/jvectormap.custom.js]
[codervent.com/gum/nikon/demo/vertical/ltr/assets/plugins/vectormap/jquery-jvectormap-2.0.2.css]
[codervent.com/gum/nikon/demo/vertical/ltr/assets/plugins/datatable/js/jquery.dataTables.min.js]
[codervent.com/gum/nikon/demo/vertical/ltr/assets/plugins/simplebar/css/simplebar.css]
[codervent.com/gum/nikon/demo/vertical/ltr/assets/plugins/perfect-scrollbar/css/perfect-scrollbar.css]
[codervent.com/gum/nikon/demo/vertical/ltr/assets/plugins/metismenu/css/metisMenu.min.css]
[codervent.com/gum/nikon/demo/vertical/ltr/assets/css/pace.min.css]
[codervent.com/gum/nikon/demo/vertical/ltr/assets/css/bootstrap.min.css]
[codervent.com/gum/nikon/demo/vertical/ltr/assets/css/bootstrap-extended.css]
[codervent.com/gum/nikon/demo/vertical/ltr/assets/images/login-images/bg-login-img.png]
[codervent.com/gum/nikon/demo/vertical/ltr/assets/images/login-images/bg-forgot-password.jpg]
[codervent.com/gum/nikon/demo/vertical/ltr/assets/images/login-images/bg-lock-screen.jpg]
[codervent.com/gum/nikon/demo/vertical/ltr/assets/css/app.css]
[codervent.com/gum/nikon/demo/vertical/ltr/assets/fonts/boxicons.eot]
[codervent.com/gum/nikon/demo/vertical/ltr/assets/fonts/boxicons.woff2]
[codervent.com/gum/nikon/demo/vertical/ltr/assets/fonts/boxicons.woff]
[codervent.com/gum/nikon/demo/vertical/ltr/assets/fonts/boxicons.ttf]
[codervent.com/gum/nikon/demo/vertical/ltr/assets/fonts/LineIcons.eot]
[codervent.com/gum/nikon/demo/vertical/ltr/assets/fonts/LineIcons.woff2]
[codervent.com/gum/nikon/demo/vertical/ltr/assets/fonts/LineIcons.woff]
[codervent.com/gum/nikon/demo/vertical/ltr/assets/fonts/LineIcons.ttf]
[codervent.com/gum/nikon/demo/vertical/ltr/assets/plugins/chartjs/js/chart.js]
[codervent.com/gum/nikon/demo/vertical/ltr/assets/plugins/fullcalendar/js/main.min.js]
[codervent.com/gum/nikon/demo/vertical/ltr/assets/plugins/apexcharts-bundle/js/apexcharts.min.js]
[via.placeholder.com/120x120.png]
[via.placeholder.com/150x75.png]
[ci3.googleusercontent.com/proxy/9qh3UJq0QGE8vVtSGDlLu8601TjwHC2L4C2K63wAObuAOLx2svVz5q2tUnJuuXAGZhIizqMPOzhBNVOAurcGHPI1YCmM8MwxqBBVugoMVhzdAa7Lgf9SUpJ_-KaCrAXMDWG-z0bwK0C5ZEUEp94lw_OtmxT6=s0-d-e1-ft.d0.delay]
[cdn.quilljs.com/1.3.6/quill.js]
[codervent.com/gum/nikon/demo/vertical/ltr/assets/plugins/highcharts/js/highcharts.js]
[codervent.com/gum/nikon/demo/vertical/ltr/assets/plugins/datatable/js/jquery.dataTables.min.js]
[codervent.com/gum/nikon/demo/vertical/ltr/assets/css/icons.css]
[codervent.com/gum/nikon/demo/vertical/ltr/assets/css/dark-theme.css]
[codervent.com/gum/nikon/demo/vertical/ltr/assets/css/semi-dark.css]
[codervent.com/gum/nikon/demo/vertical/ltr/assets/images/bg-themes/1.png]
[codervent.com/gum/nikon/demo/vertical/ltr/assets/images/bg-themes/2.png]
[codervent.com/gum/nikon/demo/vertical/ltr/assets/images/bg-themes/3.png]
[codervent.com/gum/nikon/demo/vertical/ltr/assets/images/bg-themes/4.png]
[codervent.com/gum/nikon/demo/vertical/ltr/assets/images/bg-themes/5.png]
[codervent.com/gum/nikon/demo/vertical/ltr/assets/images/bg-themes/6.png]
[codervent.com/gum/nikon/demo/vertical/ltr/assets/images/bg-themes/7.png]
[codervent.com/gum/nikon/demo/vertical/ltr/assets/images/bg-themes/8.png]
[codervent.com/gum/nikon/demo/vertical/ltr/assets/css/header-colors.css]
[codervent.com/gum/nikon/demo/vertical/ltr/app-emailbox.html]
[codervent.com/gum/nikon/demo/vertical/ltr/assets/plugins/fullcalendar/css/main.min.css]
[codervent.com/gum/nikon/demo/vertical/ltr/assets/plugins/Drag-And-Drop/dist/imageuploadify.min.css]
[codervent.com/gum/nikon/demo/vertical/ltr/assets/plugins/notifications/css/lobibox.min.css]
[cdn.jsdelivr.net/npm/froala-editor@latest/css/froala_editor.pkgd.min.css]
[codervent.com/gum/nikon/demo/vertical/ltr/assets/plugins/input-tags/css/tagsinput.css]
[codervent.com/gum/nikon/demo/vertical/ltr/assets/plugins/bs-stepper/css/bs-stepper.css]
[cdn.quilljs.com/1.3.6/quill.snow.css]
[codervent.com/gum/nikon/demo/vertical/ltr/assets/plugins/fancy-file-uploader/fancy_upload.png]
[codervent.com/gum/nikon/demo/vertical/ltr/assets/plugins/fancy-file-uploader/fancy_microphone.png]
[codervent.com/gum/nikon/demo/vertical/ltr/assets/plugins/fancy-file-uploader/fancy_webcam.png]
[codervent.com/gum/nikon/demo/vertical/ltr/assets/plugins/fancy-file-uploader/fancy_okay.png]
[codervent.com/gum/nikon/demo/vertical/ltr/assets/plugins/fancy-file-uploader/fancy_remove.png]
[codervent.com/gum/nikon/demo/vertical/ltr/assets/plugins/fancy-file-uploader/fancy_fileupload.css]
[cdn.jsdelivr.net/npm/flatpickr/dist/flatpickr.min.css]
[cdn.jsdelivr.net/npm/select2@4.1.0-rc.0/dist/css/select2.min.css]
[cdn.jsdelivr.net/npm/select2-bootstrap-5-theme@1.3.0/dist/select2-bootstrap-5-theme.min.css]
[codervent.com/gum/nikon/demo/vertical/ltr/assets/plugins/datatable/css/dataTables.bootstrap5.min.css]
[codervent.com/gum/nikon/demo/vertical/ltr/assets/images/login-images/login-cover.svg]
[codervent.com/gum/nikon/demo/vertical/ltr/assets/images/login-images/register-cover.svg]
[codervent.com/gum/nikon/demo/vertical/ltr/assets/images/login-images/forgot-password-cover.svg]
[codervent.com/gum/nikon/demo/vertical/ltr/assets/images/login-images/reset-password-cover.svg]
[cdn.searchenginejournal.com/wp-content/uploads/2019/03/shutterstock_1338315902.html]
[codervent.com/gum/nikon/demo/vertical/ltr/assets/plugins/highcharts/css/highcharts.css]
[codervent.com/gum/nikon/demo/vertical/ltr/assets/fonts/boxiconsd41d.svg]
[codervent.com/gum/nikon/demo/vertical/ltr/assets/fonts/LineIcons.svg]
[codervent.com/gum/nikon/demo/vertical/ltr/assets/flags/4x3/ad.svg]
[codervent.com/gum/nikon/demo/vertical/ltr/assets/flags/1x1/ad.svg]
[codervent.com/gum/nikon/demo/vertical/ltr/assets/flags/4x3/ae.svg]
[codervent.com/gum/nikon/demo/vertical/ltr/assets/flags/1x1/ae.svg]
[codervent.com/gum/nikon/demo/vertical/ltr/assets/flags/4x3/af.svg]
[codervent.com/gum/nikon/demo/vertical/ltr/assets/flags/1x1/af.svg]
[codervent.com/gum/nikon/demo/vertical/ltr/assets/flags/4x3/ag.svg]
[codervent.com/gum/nikon/demo/vertical/ltr/assets/flags/1x1/ag.svg]
[codervent.com/gum/nikon/demo/vertical/ltr/assets/flags/4x3/ai.svg]
[codervent.com/gum/nikon/demo/vertical/ltr/assets/flags/1x1/ai.svg]
[codervent.com/gum/nikon/demo/vertical/ltr/assets/flags/4x3/al.svg]
[codervent.com/gum/nikon/demo/vertical/ltr/assets/flags/1x1/al.svg]
[codervent.com/gum/nikon/demo/vertical/ltr/assets/flags/4x3/am.svg]
[codervent.com/gum/nikon/demo/vertical/ltr/assets/flags/1x1/am.svg]
[codervent.com/gum/nikon/demo/vertical/ltr/assets/flags/4x3/ao.svg]
[codervent.com/gum/nikon/demo/vertical/ltr/assets/flags/1x1/ao.svg]
[codervent.com/gum/nikon/demo/vertical/ltr/assets/flags/4x3/aq.svg]
[codervent.com/gum/nikon/demo/vertical/ltr/assets/flags/1x1/aq.svg]
[codervent.com/gum/nikon/demo/vertical/ltr/assets/flags/4x3/ar.svg]
[codervent.com/gum/nikon/demo/vertical/ltr/assets/flags/1x1/ar.svg]
[codervent.com/gum/nikon/demo/vertical/ltr/assets/flags/4x3/as.svg]
[codervent.com/gum/nikon/demo/vertical/ltr/assets/flags/1x1/as.svg]
[codervent.com/gum/nikon/demo/vertical/ltr/assets/flags/4x3/at.svg]
[codervent.com/gum/nikon/demo/vertical/ltr/assets/flags/1x1/at.svg]
[codervent.com/gum/nikon/demo/vertical/ltr/assets/flags/4x3/au.svg]
[codervent.com/gum/nikon/demo/vertical/ltr/assets/flags/1x1/au.svg]
[codervent.com/gum/nikon/demo/vertical/ltr/assets/flags/4x3/aw.svg]
[codervent.com/gum/nikon/demo/vertical/ltr/assets/flags/1x1/aw.svg]
[codervent.com/gum/nikon/demo/vertical/ltr/assets/flags/4x3/ax.svg]
[codervent.com/gum/nikon/demo/vertical/ltr/assets/flags/1x1/ax.svg]
[codervent.com/gum/nikon/demo/vertical/ltr/assets/flags/4x3/az.svg]
[codervent.com/gum/nikon/demo/vertical/ltr/assets/flags/1x1/az.svg]
[codervent.com/gum/nikon/demo/vertical/ltr/assets/flags/4x3/ba.svg]
[codervent.com/gum/nikon/demo/vertical/ltr/assets/flags/1x1/ba.svg]
[codervent.com/gum/nikon/demo/vertical/ltr/assets/flags/4x3/bb.svg]
[codervent.com/gum/nikon/demo/vertical/ltr/assets/flags/1x1/bb.svg]
[codervent.com/gum/nikon/demo/vertical/ltr/assets/flags/4x3/bd.svg]
[codervent.com/gum/nikon/demo/vertical/ltr/assets/flags/1x1/bd.svg]
[codervent.com/gum/nikon/demo/vertical/ltr/assets/flags/4x3/be.svg]
[codervent.com/gum/nikon/demo/vertical/ltr/assets/flags/1x1/be.svg]
[codervent.com/gum/nikon/demo/vertical/ltr/assets/flags/4x3/bf.svg]
[codervent.com/gum/nikon/demo/vertical/ltr/assets/flags/1x1/bf.svg]
[codervent.com/gum/nikon/demo/vertical/ltr/assets/flags/4x3/bg.svg]
[codervent.com/gum/nikon/demo/vertical/ltr/assets/flags/1x1/bg.svg]
[codervent.com/gum/nikon/demo/vertical/ltr/assets/flags/4x3/bh.svg]
[codervent.com/gum/nikon/demo/vertical/ltr/assets/flags/1x1/bh.svg]
[codervent.com/gum/nikon/demo/vertical/ltr/assets/flags/4x3/bi.svg]
[codervent.com/gum/nikon/demo/vertical/ltr/assets/flags/1x1/bi.svg]
[codervent.com/gum/nikon/demo/vertical/ltr/assets/flags/4x3/bj.svg]
[codervent.com/gum/nikon/demo/vertical/ltr/assets/flags/1x1/bj.svg]
[codervent.com/gum/nikon/demo/vertical/ltr/assets/flags/4x3/bl.svg]
[codervent.com/gum/nikon/demo/vertical/ltr/assets/flags/1x1/bl.svg]
[codervent.com/gum/nikon/demo/vertical/ltr/assets/flags/4x3/bm.svg]
[codervent.com/gum/nikon/demo/vertical/ltr/assets/flags/1x1/bm.svg]
[codervent.com/gum/nikon/demo/vertical/ltr/assets/flags/4x3/bn.svg]
[codervent.com/gum/nikon/demo/vertical/ltr/assets/flags/1x1/bn.svg]
[codervent.com/gum/nikon/demo/vertical/ltr/assets/flags/4x3/bo.svg]
[codervent.com/gum/nikon/demo/vertical/ltr/assets/flags/1x1/bo.svg]
[codervent.com/gum/nikon/demo/vertical/ltr/assets/flags/4x3/bq.svg]
[codervent.com/gum/nikon/demo/vertical/ltr/assets/flags/1x1/bq.svg]
[codervent.com/gum/nikon/demo/vertical/ltr/assets/flags/4x3/br.svg]
[codervent.com/gum/nikon/demo/vertical/ltr/assets/flags/1x1/br.svg]
[codervent.com/gum/nikon/demo/vertical/ltr/assets/flags/4x3/bs.svg]
[codervent.com/gum/nikon/demo/vertical/ltr/assets/flags/1x1/bs.svg]
[codervent.com/gum/nikon/demo/vertical/ltr/assets/flags/4x3/bt.svg]
[codervent.com/gum/nikon/demo/vertical/ltr/assets/flags/1x1/bt.svg]
[codervent.com/gum/nikon/demo/vertical/ltr/assets/flags/4x3/bv.svg]
[codervent.com/gum/nikon/demo/vertical/ltr/assets/flags/1x1/bv.svg]
[codervent.com/gum/nikon/demo/vertical/ltr/assets/flags/4x3/bw.svg]
[codervent.com/gum/nikon/demo/vertical/ltr/assets/flags/1x1/bw.svg]
[codervent.com/gum/nikon/demo/vertical/ltr/assets/flags/4x3/by.svg]
[codervent.com/gum/nikon/demo/vertical/ltr/assets/flags/1x1/by.svg]
[codervent.com/gum/nikon/demo/vertical/ltr/assets/flags/4x3/bz.svg]
[codervent.com/gum/nikon/demo/vertical/ltr/assets/flags/1x1/bz.svg]
[codervent.com/gum/nikon/demo/vertical/ltr/assets/flags/4x3/ca.svg]
[codervent.com/gum/nikon/demo/vertical/ltr/assets/flags/1x1/ca.svg]
[codervent.com/gum/nikon/demo/vertical/ltr/assets/flags/4x3/cc.svg]
[codervent.com/gum/nikon/demo/vertical/ltr/assets/flags/1x1/cc.svg]
[codervent.com/gum/nikon/demo/vertical/ltr/assets/flags/4x3/cd.svg]
[codervent.com/gum/nikon/demo/vertical/ltr/assets/flags/1x1/cd.svg]
[codervent.com/gum/nikon/demo/vertical/ltr/assets/flags/4x3/cf.svg]
[codervent.com/gum/nikon/demo/vertical/ltr/assets/flags/1x1/cf.svg]
[codervent.com/gum/nikon/demo/vertical/ltr/assets/flags/4x3/cg.svg]
[codervent.com/gum/nikon/demo/vertical/ltr/assets/flags/1x1/cg.svg]
[codervent.com/gum/nikon/demo/vertical/ltr/assets/flags/4x3/ch.svg]
[codervent.com/gum/nikon/demo/vertical/ltr/assets/flags/1x1/ch.svg]
[codervent.com/gum/nikon/demo/vertical/ltr/assets/flags/4x3/ci.svg]
[codervent.com/gum/nikon/demo/vertical/ltr/assets/flags/1x1/ci.svg]
[codervent.com/gum/nikon/demo/vertical/ltr/assets/flags/4x3/ck.svg]
[codervent.com/gum/nikon/demo/vertical/ltr/assets/flags/1x1/ck.svg]
[codervent.com/gum/nikon/demo/vertical/ltr/assets/flags/4x3/cl.svg]
[codervent.com/gum/nikon/demo/vertical/ltr/assets/flags/1x1/cl.svg]
[codervent.com/gum/nikon/demo/vertical/ltr/assets/flags/4x3/cm.svg]
[codervent.com/gum/nikon/demo/vertical/ltr/assets/flags/1x1/cm.svg]
[codervent.com/gum/nikon/demo/vertical/ltr/assets/flags/4x3/cn.svg]
[codervent.com/gum/nikon/demo/vertical/ltr/assets/flags/1x1/cn.svg]
[codervent.com/gum/nikon/demo/vertical/ltr/assets/flags/4x3/co.svg]
[codervent.com/gum/nikon/demo/vertical/ltr/assets/flags/1x1/co.svg]
[codervent.com/gum/nikon/demo/vertical/ltr/assets/flags/4x3/cr.svg]
[codervent.com/gum/nikon/demo/vertical/ltr/assets/flags/1x1/cr.svg]
[codervent.com/gum/nikon/demo/vertical/ltr/assets/flags/4x3/cu.svg]
[codervent.com/gum/nikon/demo/vertical/ltr/assets/flags/1x1/cu.svg]
[codervent.com/gum/nikon/demo/vertical/ltr/assets/flags/4x3/cv.svg]
[codervent.com/gum/nikon/demo/vertical/ltr/assets/flags/1x1/cv.svg]
[codervent.com/gum/nikon/demo/vertical/ltr/assets/flags/4x3/cw.svg]
[codervent.com/gum/nikon/demo/vertical/ltr/assets/flags/1x1/cw.svg]
[codervent.com/gum/nikon/demo/vertical/ltr/assets/flags/4x3/cx.svg]
[codervent.com/gum/nikon/demo/vertical/ltr/assets/flags/1x1/cx.svg]
[codervent.com/gum/nikon/demo/vertical/ltr/assets/flags/4x3/cy.svg]
[codervent.com/gum/nikon/demo/vertical/ltr/assets/flags/1x1/cy.svg]
[codervent.com/gum/nikon/demo/vertical/ltr/assets/flags/4x3/cz.svg]
[codervent.com/gum/nikon/demo/vertical/ltr/assets/flags/1x1/cz.svg]
[codervent.com/gum/nikon/demo/vertical/ltr/assets/flags/4x3/de.svg]
[codervent.com/gum/nikon/demo/vertical/ltr/assets/flags/1x1/de.svg]
[codervent.com/gum/nikon/demo/vertical/ltr/assets/flags/4x3/dj.svg]
[codervent.com/gum/nikon/demo/vertical/ltr/assets/flags/1x1/dj.svg]
[codervent.com/gum/nikon/demo/vertical/ltr/assets/flags/4x3/dk.svg]
[codervent.com/gum/nikon/demo/vertical/ltr/assets/flags/1x1/dk.svg]
[codervent.com/gum/nikon/demo/vertical/ltr/assets/flags/4x3/dm.svg]
[codervent.com/gum/nikon/demo/vertical/ltr/assets/flags/1x1/dm.svg]
[codervent.com/gum/nikon/demo/vertical/ltr/assets/flags/4x3/do.svg]
[codervent.com/gum/nikon/demo/vertical/ltr/assets/flags/1x1/do.svg]
[codervent.com/gum/nikon/demo/vertical/ltr/assets/flags/4x3/dz.svg]
[codervent.com/gum/nikon/demo/vertical/ltr/assets/flags/1x1/dz.svg]
[codervent.com/gum/nikon/demo/vertical/ltr/assets/flags/4x3/ec.svg]
[codervent.com/gum/nikon/demo/vertical/ltr/assets/flags/1x1/ec.svg]
[codervent.com/gum/nikon/demo/vertical/ltr/assets/flags/4x3/ee.svg]
[codervent.com/gum/nikon/demo/vertical/ltr/assets/flags/1x1/ee.svg]
[codervent.com/gum/nikon/demo/vertical/ltr/assets/flags/4x3/eg.svg]
[codervent.com/gum/nikon/demo/vertical/ltr/assets/flags/1x1/eg.svg]
[codervent.com/gum/nikon/demo/vertical/ltr/assets/flags/4x3/eh.svg]
[codervent.com/gum/nikon/demo/vertical/ltr/assets/flags/1x1/eh.svg]
[codervent.com/gum/nikon/demo/vertical/ltr/assets/flags/4x3/er.svg]
[codervent.com/gum/nikon/demo/vertical/ltr/assets/flags/1x1/er.svg]
[codervent.com/gum/nikon/demo/vertical/ltr/assets/flags/4x3/es.svg]
[codervent.com/gum/nikon/demo/vertical/ltr/assets/flags/1x1/es.svg]
[codervent.com/gum/nikon/demo/vertical/ltr/assets/flags/4x3/et.svg]
[codervent.com/gum/nikon/demo/vertical/ltr/assets/flags/1x1/et.svg]
[codervent.com/gum/nikon/demo/vertical/ltr/assets/flags/4x3/fi.svg]
[codervent.com/gum/nikon/demo/vertical/ltr/assets/flags/1x1/fi.svg]
[codervent.com/gum/nikon/demo/vertical/ltr/assets/flags/4x3/fj.svg]
[codervent.com/gum/nikon/demo/vertical/ltr/assets/flags/1x1/fj.svg]
[codervent.com/gum/nikon/demo/vertical/ltr/assets/flags/4x3/fk.svg]
[codervent.com/gum/nikon/demo/vertical/ltr/assets/flags/1x1/fk.svg]
[codervent.com/gum/nikon/demo/vertical/ltr/assets/flags/4x3/fm.svg]
[codervent.com/gum/nikon/demo/vertical/ltr/assets/flags/1x1/fm.svg]
[codervent.com/gum/nikon/demo/vertical/ltr/assets/flags/4x3/fo.svg]
[codervent.com/gum/nikon/demo/vertical/ltr/assets/flags/1x1/fo.svg]
[codervent.com/gum/nikon/demo/vertical/ltr/assets/flags/4x3/fr.svg]
[codervent.com/gum/nikon/demo/vertical/ltr/assets/flags/1x1/fr.svg]
[codervent.com/gum/nikon/demo/vertical/ltr/assets/flags/4x3/ga.svg]
[codervent.com/gum/nikon/demo/vertical/ltr/assets/flags/1x1/ga.svg]
[codervent.com/gum/nikon/demo/vertical/ltr/assets/flags/4x3/gb.svg]
[codervent.com/gum/nikon/demo/vertical/ltr/assets/flags/1x1/gb.svg]
[codervent.com/gum/nikon/demo/vertical/ltr/assets/flags/4x3/gd.svg]
[codervent.com/gum/nikon/demo/vertical/ltr/assets/flags/1x1/gd.svg]
[codervent.com/gum/nikon/demo/vertical/ltr/assets/flags/4x3/ge.svg]
[codervent.com/gum/nikon/demo/vertical/ltr/assets/flags/1x1/ge.svg]
[codervent.com/gum/nikon/demo/vertical/ltr/assets/flags/4x3/gf.svg]
[codervent.com/gum/nikon/demo/vertical/ltr/assets/flags/1x1/gf.svg]
[codervent.com/gum/nikon/demo/vertical/ltr/assets/flags/4x3/gg.svg]
[codervent.com/gum/nikon/demo/vertical/ltr/assets/flags/1x1/gg.svg]
[codervent.com/gum/nikon/demo/vertical/ltr/assets/flags/4x3/gh.svg]
[codervent.com/gum/nikon/demo/vertical/ltr/assets/flags/1x1/gh.svg]
[codervent.com/gum/nikon/demo/vertical/ltr/assets/flags/4x3/gi.svg]
[codervent.com/gum/nikon/demo/vertical/ltr/assets/flags/1x1/gi.svg]
[codervent.com/gum/nikon/demo/vertical/ltr/assets/flags/4x3/gl.svg]
[codervent.com/gum/nikon/demo/vertical/ltr/assets/flags/1x1/gl.svg]
[codervent.com/gum/nikon/demo/vertical/ltr/assets/flags/4x3/gm.svg]
[codervent.com/gum/nikon/demo/vertical/ltr/assets/flags/1x1/gm.svg]
[codervent.com/gum/nikon/demo/vertical/ltr/assets/flags/4x3/gn.svg]
[codervent.com/gum/nikon/demo/vertical/ltr/assets/flags/1x1/gn.svg]
[codervent.com/gum/nikon/demo/vertical/ltr/assets/flags/4x3/gp.svg]
[codervent.com/gum/nikon/demo/vertical/ltr/assets/flags/1x1/gp.svg]
[codervent.com/gum/nikon/demo/vertical/ltr/assets/flags/4x3/gq.svg]
[codervent.com/gum/nikon/demo/vertical/ltr/assets/flags/1x1/gq.svg]
[codervent.com/gum/nikon/demo/vertical/ltr/assets/flags/4x3/gr.svg]
[codervent.com/gum/nikon/demo/vertical/ltr/assets/flags/1x1/gr.svg]
[codervent.com/gum/nikon/demo/vertical/ltr/assets/flags/4x3/gs.svg]
[codervent.com/gum/nikon/demo/vertical/ltr/assets/flags/1x1/gs.svg]
[codervent.com/gum/nikon/demo/vertical/ltr/assets/flags/4x3/gt.svg]
[codervent.com/gum/nikon/demo/vertical/ltr/assets/flags/1x1/gt.svg]
[codervent.com/gum/nikon/demo/vertical/ltr/assets/flags/4x3/gu.svg]
[codervent.com/gum/nikon/demo/vertical/ltr/assets/flags/1x1/gu.svg]
[codervent.com/gum/nikon/demo/vertical/ltr/assets/flags/4x3/gw.svg]
[codervent.com/gum/nikon/demo/vertical/ltr/assets/flags/1x1/gw.svg]
[codervent.com/gum/nikon/demo/vertical/ltr/assets/flags/4x3/gy.svg]
[codervent.com/gum/nikon/demo/vertical/ltr/assets/flags/1x1/gy.svg]
[codervent.com/gum/nikon/demo/vertical/ltr/assets/flags/4x3/hk.svg]
[codervent.com/gum/nikon/demo/vertical/ltr/assets/flags/1x1/hk.svg]
[codervent.com/gum/nikon/demo/vertical/ltr/assets/flags/4x3/hm.svg]
[codervent.com/gum/nikon/demo/vertical/ltr/assets/flags/1x1/hm.svg]
[codervent.com/gum/nikon/demo/vertical/ltr/assets/flags/4x3/hn.svg]
[codervent.com/gum/nikon/demo/vertical/ltr/assets/flags/1x1/hn.svg]
[codervent.com/gum/nikon/demo/vertical/ltr/assets/flags/4x3/hr.svg]
[codervent.com/gum/nikon/demo/vertical/ltr/assets/flags/1x1/hr.svg]
[codervent.com/gum/nikon/demo/vertical/ltr/assets/flags/4x3/ht.svg]
[codervent.com/gum/nikon/demo/vertical/ltr/assets/flags/1x1/ht.svg]
[codervent.com/gum/nikon/demo/vertical/ltr/assets/flags/4x3/hu.svg]
[codervent.com/gum/nikon/demo/vertical/ltr/assets/flags/1x1/hu.svg]
[codervent.com/gum/nikon/demo/vertical/ltr/assets/flags/4x3/id.svg]
[codervent.com/gum/nikon/demo/vertical/ltr/assets/flags/1x1/id.svg]
[codervent.com/gum/nikon/demo/vertical/ltr/assets/flags/4x3/ie.svg]
[codervent.com/gum/nikon/demo/vertical/ltr/assets/flags/1x1/ie.svg]
[codervent.com/gum/nikon/demo/vertical/ltr/assets/flags/4x3/il.svg]
[codervent.com/gum/nikon/demo/vertical/ltr/assets/flags/1x1/il.svg]
[codervent.com/gum/nikon/demo/vertical/ltr/assets/flags/4x3/im.svg]
[codervent.com/gum/nikon/demo/vertical/ltr/assets/flags/1x1/im.svg]
[codervent.com/gum/nikon/demo/vertical/ltr/assets/flags/4x3/in.svg]
[codervent.com/gum/nikon/demo/vertical/ltr/assets/flags/1x1/in.svg]
[codervent.com/gum/nikon/demo/vertical/ltr/assets/flags/4x3/io.svg]
[codervent.com/gum/nikon/demo/vertical/ltr/assets/flags/1x1/io.svg]
[codervent.com/gum/nikon/demo/vertical/ltr/assets/flags/4x3/iq.svg]
[codervent.com/gum/nikon/demo/vertical/ltr/assets/flags/1x1/iq.svg]
[codervent.com/gum/nikon/demo/vertical/ltr/assets/flags/4x3/ir.svg]
[codervent.com/gum/nikon/demo/vertical/ltr/assets/flags/1x1/ir.svg]
[codervent.com/gum/nikon/demo/vertical/ltr/assets/flags/4x3/is.svg]
[codervent.com/gum/nikon/demo/vertical/ltr/assets/flags/1x1/is.svg]
[codervent.com/gum/nikon/demo/vertical/ltr/assets/flags/4x3/it.svg]
[codervent.com/gum/nikon/demo/vertical/ltr/assets/flags/1x1/it.svg]
[codervent.com/gum/nikon/demo/vertical/ltr/assets/flags/4x3/je.svg]
[codervent.com/gum/nikon/demo/vertical/ltr/assets/flags/1x1/je.svg]
[codervent.com/gum/nikon/demo/vertical/ltr/assets/flags/4x3/jm.svg]
[codervent.com/gum/nikon/demo/vertical/ltr/assets/flags/1x1/jm.svg]
[codervent.com/gum/nikon/demo/vertical/ltr/assets/flags/4x3/jo.svg]
[codervent.com/gum/nikon/demo/vertical/ltr/assets/flags/1x1/jo.svg]
[codervent.com/gum/nikon/demo/vertical/ltr/assets/flags/4x3/jp.svg]
[codervent.com/gum/nikon/demo/vertical/ltr/assets/flags/1x1/jp.svg]
[codervent.com/gum/nikon/demo/vertical/ltr/assets/flags/4x3/ke.svg]
[codervent.com/gum/nikon/demo/vertical/ltr/assets/flags/1x1/ke.svg]
[codervent.com/gum/nikon/demo/vertical/ltr/assets/flags/4x3/kg.svg]
[codervent.com/gum/nikon/demo/vertical/ltr/assets/flags/1x1/kg.svg]
[codervent.com/gum/nikon/demo/vertical/ltr/assets/flags/4x3/kh.svg]
[codervent.com/gum/nikon/demo/vertical/ltr/assets/flags/1x1/kh.svg]
[codervent.com/gum/nikon/demo/vertical/ltr/assets/flags/4x3/ki.svg]
[codervent.com/gum/nikon/demo/vertical/ltr/assets/flags/1x1/ki.svg]
[codervent.com/gum/nikon/demo/vertical/ltr/assets/flags/4x3/km.svg]
[codervent.com/gum/nikon/demo/vertical/ltr/assets/flags/1x1/km.svg]
[codervent.com/gum/nikon/demo/vertical/ltr/assets/flags/4x3/kn.svg]
[codervent.com/gum/nikon/demo/vertical/ltr/assets/flags/1x1/kn.svg]
[codervent.com/gum/nikon/demo/vertical/ltr/assets/flags/4x3/kp.svg]
[codervent.com/gum/nikon/demo/vertical/ltr/assets/flags/1x1/kp.svg]
[codervent.com/gum/nikon/demo/vertical/ltr/assets/flags/4x3/kr.svg]
[codervent.com/gum/nikon/demo/vertical/ltr/assets/flags/1x1/kr.svg]
[codervent.com/gum/nikon/demo/vertical/ltr/assets/flags/4x3/kw.svg]
[codervent.com/gum/nikon/demo/vertical/ltr/assets/flags/1x1/kw.svg]
[codervent.com/gum/nikon/demo/vertical/ltr/assets/flags/4x3/ky.svg]
[codervent.com/gum/nikon/demo/vertical/ltr/assets/flags/1x1/ky.svg]
[codervent.com/gum/nikon/demo/vertical/ltr/assets/flags/4x3/kz.svg]
[codervent.com/gum/nikon/demo/vertical/ltr/assets/flags/1x1/kz.svg]
[codervent.com/gum/nikon/demo/vertical/ltr/assets/flags/4x3/la.svg]
[codervent.com/gum/nikon/demo/vertical/ltr/assets/flags/1x1/la.svg]
[codervent.com/gum/nikon/demo/vertical/ltr/assets/flags/4x3/lb.svg]
[codervent.com/gum/nikon/demo/vertical/ltr/assets/flags/1x1/lb.svg]
[codervent.com/gum/nikon/demo/vertical/ltr/assets/flags/4x3/lc.svg]
[codervent.com/gum/nikon/demo/vertical/ltr/assets/flags/1x1/lc.svg]
[codervent.com/gum/nikon/demo/vertical/ltr/assets/flags/4x3/li.svg]
[codervent.com/gum/nikon/demo/vertical/ltr/assets/flags/1x1/li.svg]
[codervent.com/gum/nikon/demo/vertical/ltr/assets/flags/4x3/lk.svg]
[codervent.com/gum/nikon/demo/vertical/ltr/assets/flags/1x1/lk.svg]
[codervent.com/gum/nikon/demo/vertical/ltr/assets/flags/4x3/lr.svg]
[codervent.com/gum/nikon/demo/vertical/ltr/assets/flags/1x1/lr.svg]
[codervent.com/gum/nikon/demo/vertical/ltr/assets/flags/4x3/ls.svg]
[codervent.com/gum/nikon/demo/vertical/ltr/assets/flags/1x1/ls.svg]
[codervent.com/gum/nikon/demo/vertical/ltr/assets/flags/4x3/lt.svg]
[codervent.com/gum/nikon/demo/vertical/ltr/assets/flags/1x1/lt.svg]
[codervent.com/gum/nikon/demo/vertical/ltr/assets/flags/4x3/lu.svg]
[codervent.com/gum/nikon/demo/vertical/ltr/assets/flags/1x1/lu.svg]
[codervent.com/gum/nikon/demo/vertical/ltr/assets/flags/4x3/lv.svg]
[codervent.com/gum/nikon/demo/vertical/ltr/assets/flags/1x1/lv.svg]
[codervent.com/gum/nikon/demo/vertical/ltr/assets/flags/4x3/ly.svg]
[codervent.com/gum/nikon/demo/vertical/ltr/assets/flags/1x1/ly.svg]
[codervent.com/gum/nikon/demo/vertical/ltr/assets/flags/4x3/ma.svg]
[codervent.com/gum/nikon/demo/vertical/ltr/assets/flags/1x1/ma.svg]
[codervent.com/gum/nikon/demo/vertical/ltr/assets/flags/4x3/mc.svg]
[codervent.com/gum/nikon/demo/vertical/ltr/assets/flags/1x1/mc.svg]
[codervent.com/gum/nikon/demo/vertical/ltr/assets/flags/4x3/md.svg]
[codervent.com/gum/nikon/demo/vertical/ltr/assets/flags/1x1/md.svg]
[codervent.com/gum/nikon/demo/vertical/ltr/assets/flags/4x3/me.svg]
[codervent.com/gum/nikon/demo/vertical/ltr/assets/flags/1x1/me.svg]
[codervent.com/gum/nikon/demo/vertical/ltr/assets/flags/4x3/mf.svg]
[codervent.com/gum/nikon/demo/vertical/ltr/assets/flags/1x1/mf.svg]
[codervent.com/gum/nikon/demo/vertical/ltr/assets/flags/4x3/mg.svg]
[codervent.com/gum/nikon/demo/vertical/ltr/assets/flags/1x1/mg.svg]
[codervent.com/gum/nikon/demo/vertical/ltr/assets/flags/4x3/mh.svg]
[codervent.com/gum/nikon/demo/vertical/ltr/assets/flags/1x1/mh.svg]
[codervent.com/gum/nikon/demo/vertical/ltr/assets/flags/4x3/mk.svg]
[codervent.com/gum/nikon/demo/vertical/ltr/assets/flags/1x1/mk.svg]
[codervent.com/gum/nikon/demo/vertical/ltr/assets/flags/4x3/ml.svg]
[codervent.com/gum/nikon/demo/vertical/ltr/assets/flags/1x1/ml.svg]
[codervent.com/gum/nikon/demo/vertical/ltr/assets/flags/4x3/mm.svg]
[codervent.com/gum/nikon/demo/vertical/ltr/assets/flags/1x1/mm.svg]
[codervent.com/gum/nikon/demo/vertical/ltr/assets/flags/4x3/mn.svg]
[codervent.com/gum/nikon/demo/vertical/ltr/assets/flags/1x1/mn.svg]
[codervent.com/gum/nikon/demo/vertical/ltr/assets/flags/4x3/mo.svg]
[codervent.com/gum/nikon/demo/vertical/ltr/assets/flags/1x1/mo.svg]
[codervent.com/gum/nikon/demo/vertical/ltr/assets/flags/4x3/mp.svg]
[codervent.com/gum/nikon/demo/vertical/ltr/assets/flags/1x1/mp.svg]
[codervent.com/gum/nikon/demo/vertical/ltr/assets/flags/4x3/mq.svg]
[codervent.com/gum/nikon/demo/vertical/ltr/assets/flags/1x1/mq.svg]
[codervent.com/gum/nikon/demo/vertical/ltr/assets/flags/4x3/mr.svg]
[codervent.com/gum/nikon/demo/vertical/ltr/assets/flags/1x1/mr.svg]
[codervent.com/gum/nikon/demo/vertical/ltr/assets/flags/4x3/ms.svg]
[codervent.com/gum/nikon/demo/vertical/ltr/assets/flags/1x1/ms.svg]
[codervent.com/gum/nikon/demo/vertical/ltr/assets/flags/4x3/mt.svg]
[codervent.com/gum/nikon/demo/vertical/ltr/assets/flags/1x1/mt.svg]
[codervent.com/gum/nikon/demo/vertical/ltr/assets/flags/4x3/mu.svg]
[codervent.com/gum/nikon/demo/vertical/ltr/assets/flags/1x1/mu.svg]
[codervent.com/gum/nikon/demo/vertical/ltr/assets/flags/4x3/mv.svg]
[codervent.com/gum/nikon/demo/vertical/ltr/assets/flags/1x1/mv.svg]
[codervent.com/gum/nikon/demo/vertical/ltr/assets/flags/4x3/mw.svg]
[codervent.com/gum/nikon/demo/vertical/ltr/assets/flags/1x1/mw.svg]
[codervent.com/gum/nikon/demo/vertical/ltr/assets/flags/4x3/mx.svg]
[codervent.com/gum/nikon/demo/vertical/ltr/assets/flags/1x1/mx.svg]
[codervent.com/gum/nikon/demo/vertical/ltr/assets/flags/4x3/my.svg]
[codervent.com/gum/nikon/demo/vertical/ltr/assets/flags/1x1/my.svg]
[codervent.com/gum/nikon/demo/vertical/ltr/assets/flags/4x3/mz.svg]
[codervent.com/gum/nikon/demo/vertical/ltr/assets/flags/1x1/mz.svg]
[codervent.com/gum/nikon/demo/vertical/ltr/assets/flags/4x3/na.svg]
[codervent.com/gum/nikon/demo/vertical/ltr/assets/flags/1x1/na.svg]
[codervent.com/gum/nikon/demo/vertical/ltr/assets/flags/4x3/nc.svg]
[codervent.com/gum/nikon/demo/vertical/ltr/assets/flags/1x1/nc.svg]
[codervent.com/gum/nikon/demo/vertical/ltr/assets/flags/4x3/ne.svg]
[codervent.com/gum/nikon/demo/vertical/ltr/assets/flags/1x1/ne.svg]
[codervent.com/gum/nikon/demo/vertical/ltr/assets/flags/4x3/nf.svg]
[codervent.com/gum/nikon/demo/vertical/ltr/assets/flags/1x1/nf.svg]
[codervent.com/gum/nikon/demo/vertical/ltr/assets/flags/4x3/ng.svg]
[codervent.com/gum/nikon/demo/vertical/ltr/assets/flags/1x1/ng.svg]
[codervent.com/gum/nikon/demo/vertical/ltr/assets/flags/4x3/ni.svg]
[codervent.com/gum/nikon/demo/vertical/ltr/assets/flags/1x1/ni.svg]
[codervent.com/gum/nikon/demo/vertical/ltr/assets/flags/4x3/nl.svg]
[codervent.com/gum/nikon/demo/vertical/ltr/assets/flags/1x1/nl.svg]
[codervent.com/gum/nikon/demo/vertical/ltr/assets/flags/4x3/no.svg]
[codervent.com/gum/nikon/demo/vertical/ltr/assets/flags/1x1/no.svg]
[codervent.com/gum/nikon/demo/vertical/ltr/assets/flags/4x3/np.svg]
[codervent.com/gum/nikon/demo/vertical/ltr/assets/flags/1x1/np.svg]
[codervent.com/gum/nikon/demo/vertical/ltr/assets/flags/4x3/nr.svg]
[codervent.com/gum/nikon/demo/vertical/ltr/assets/flags/1x1/nr.svg]
[codervent.com/gum/nikon/demo/vertical/ltr/assets/flags/4x3/nu.svg]
[codervent.com/gum/nikon/demo/vertical/ltr/assets/flags/1x1/nu.svg]
[codervent.com/gum/nikon/demo/vertical/ltr/assets/flags/4x3/nz.svg]
[codervent.com/gum/nikon/demo/vertical/ltr/assets/flags/1x1/nz.svg]
[codervent.com/gum/nikon/demo/vertical/ltr/assets/flags/4x3/om.svg]
[codervent.com/gum/nikon/demo/vertical/ltr/assets/flags/1x1/om.svg]
[codervent.com/gum/nikon/demo/vertical/ltr/assets/flags/4x3/pa.svg]
[codervent.com/gum/nikon/demo/vertical/ltr/assets/flags/1x1/pa.svg]
[codervent.com/gum/nikon/demo/vertical/ltr/assets/flags/4x3/pe.svg]
[codervent.com/gum/nikon/demo/vertical/ltr/assets/flags/1x1/pe.svg]
[codervent.com/gum/nikon/demo/vertical/ltr/assets/flags/4x3/pf.svg]
[codervent.com/gum/nikon/demo/vertical/ltr/assets/flags/1x1/pf.svg]
[codervent.com/gum/nikon/demo/vertical/ltr/assets/flags/4x3/pg.svg]
[codervent.com/gum/nikon/demo/vertical/ltr/assets/flags/1x1/pg.svg]
[codervent.com/gum/nikon/demo/vertical/ltr/assets/flags/4x3/ph.svg]
[codervent.com/gum/nikon/demo/vertical/ltr/assets/flags/1x1/ph.svg]
[codervent.com/gum/nikon/demo/vertical/ltr/assets/flags/4x3/pk.svg]
[codervent.com/gum/nikon/demo/vertical/ltr/assets/flags/1x1/pk.svg]
[codervent.com/gum/nikon/demo/vertical/ltr/assets/flags/4x3/pl.svg]
[codervent.com/gum/nikon/demo/vertical/ltr/assets/flags/1x1/pl.svg]
[codervent.com/gum/nikon/demo/vertical/ltr/assets/flags/4x3/pm.svg]
[codervent.com/gum/nikon/demo/vertical/ltr/assets/flags/1x1/pm.svg]
[codervent.com/gum/nikon/demo/vertical/ltr/assets/flags/4x3/pn.svg]
[codervent.com/gum/nikon/demo/vertical/ltr/assets/flags/1x1/pn.svg]
[codervent.com/gum/nikon/demo/vertical/ltr/assets/flags/4x3/pr.svg]
[codervent.com/gum/nikon/demo/vertical/ltr/assets/flags/1x1/pr.svg]
[codervent.com/gum/nikon/demo/vertical/ltr/assets/flags/4x3/ps.svg]
[codervent.com/gum/nikon/demo/vertical/ltr/assets/flags/1x1/ps.svg]
[codervent.com/gum/nikon/demo/vertical/ltr/assets/flags/4x3/pt.svg]
[codervent.com/gum/nikon/demo/vertical/ltr/assets/flags/1x1/pt.svg]
[codervent.com/gum/nikon/demo/vertical/ltr/assets/flags/4x3/pw.svg]
[codervent.com/gum/nikon/demo/vertical/ltr/assets/flags/1x1/pw.svg]
[codervent.com/gum/nikon/demo/vertical/ltr/assets/flags/4x3/py.svg]
[codervent.com/gum/nikon/demo/vertical/ltr/assets/flags/1x1/py.svg]
[codervent.com/gum/nikon/demo/vertical/ltr/assets/flags/4x3/qa.svg]
[codervent.com/gum/nikon/demo/vertical/ltr/assets/flags/1x1/qa.svg]
[codervent.com/gum/nikon/demo/vertical/ltr/assets/flags/4x3/re.svg]
[codervent.com/gum/nikon/demo/vertical/ltr/assets/flags/1x1/re.svg]
[codervent.com/gum/nikon/demo/vertical/ltr/assets/flags/4x3/ro.svg]
[codervent.com/gum/nikon/demo/vertical/ltr/assets/flags/1x1/ro.svg]
[codervent.com/gum/nikon/demo/vertical/ltr/assets/flags/4x3/rs.svg]
[codervent.com/gum/nikon/demo/vertical/ltr/assets/flags/1x1/rs.svg]
[codervent.com/gum/nikon/demo/vertical/ltr/assets/flags/4x3/ru.svg]
[codervent.com/gum/nikon/demo/vertical/ltr/assets/flags/1x1/ru.svg]
[codervent.com/gum/nikon/demo/vertical/ltr/assets/flags/4x3/rw.svg]
[codervent.com/gum/nikon/demo/vertical/ltr/assets/flags/1x1/rw.svg]
[codervent.com/gum/nikon/demo/vertical/ltr/assets/flags/4x3/sa.svg]
[codervent.com/gum/nikon/demo/vertical/ltr/assets/flags/1x1/sa.svg]
[codervent.com/gum/nikon/demo/vertical/ltr/assets/flags/4x3/sb.svg]
[codervent.com/gum/nikon/demo/vertical/ltr/assets/flags/1x1/sb.svg]
[codervent.com/gum/nikon/demo/vertical/ltr/assets/flags/4x3/sc.svg]
[codervent.com/gum/nikon/demo/vertical/ltr/assets/flags/1x1/sc.svg]
[codervent.com/gum/nikon/demo/vertical/ltr/assets/flags/4x3/sd.svg]
[codervent.com/gum/nikon/demo/vertical/ltr/assets/flags/1x1/sd.svg]
[codervent.com/gum/nikon/demo/vertical/ltr/assets/flags/4x3/se.svg]
[codervent.com/gum/nikon/demo/vertical/ltr/assets/flags/1x1/se.svg]
[codervent.com/gum/nikon/demo/vertical/ltr/assets/flags/4x3/sg.svg]
[codervent.com/gum/nikon/demo/vertical/ltr/assets/flags/1x1/sg.svg]
[codervent.com/gum/nikon/demo/vertical/ltr/assets/flags/4x3/sh.svg]
[codervent.com/gum/nikon/demo/vertical/ltr/assets/flags/1x1/sh.svg]
[codervent.com/gum/nikon/demo/vertical/ltr/assets/flags/4x3/si.svg]
[codervent.com/gum/nikon/demo/vertical/ltr/assets/flags/1x1/si.svg]
[codervent.com/gum/nikon/demo/vertical/ltr/assets/flags/4x3/sj.svg]
[codervent.com/gum/nikon/demo/vertical/ltr/assets/flags/1x1/sj.svg]
[codervent.com/gum/nikon/demo/vertical/ltr/assets/flags/4x3/sk.svg]
[codervent.com/gum/nikon/demo/vertical/ltr/assets/flags/1x1/sk.svg]
[codervent.com/gum/nikon/demo/vertical/ltr/assets/flags/4x3/sl.svg]
[codervent.com/gum/nikon/demo/vertical/ltr/assets/flags/1x1/sl.svg]
[codervent.com/gum/nikon/demo/vertical/ltr/assets/flags/4x3/sm.svg]
[codervent.com/gum/nikon/demo/vertical/ltr/assets/flags/1x1/sm.svg]
[codervent.com/gum/nikon/demo/vertical/ltr/assets/flags/4x3/sn.svg]
[codervent.com/gum/nikon/demo/vertical/ltr/assets/flags/1x1/sn.svg]
[codervent.com/gum/nikon/demo/vertical/ltr/assets/flags/4x3/so.svg]
[codervent.com/gum/nikon/demo/vertical/ltr/assets/flags/1x1/so.svg]
[codervent.com/gum/nikon/demo/vertical/ltr/assets/flags/4x3/sr.svg]
[codervent.com/gum/nikon/demo/vertical/ltr/assets/flags/1x1/sr.svg]
[codervent.com/gum/nikon/demo/vertical/ltr/assets/flags/4x3/ss.svg]
[codervent.com/gum/nikon/demo/vertical/ltr/assets/flags/1x1/ss.svg]
[codervent.com/gum/nikon/demo/vertical/ltr/assets/flags/4x3/st.svg]
[codervent.com/gum/nikon/demo/vertical/ltr/assets/flags/1x1/st.svg]
[codervent.com/gum/nikon/demo/vertical/ltr/assets/flags/4x3/sv.svg]
[codervent.com/gum/nikon/demo/vertical/ltr/assets/flags/1x1/sv.svg]
[codervent.com/gum/nikon/demo/vertical/ltr/assets/flags/4x3/sx.svg]
[codervent.com/gum/nikon/demo/vertical/ltr/assets/flags/1x1/sx.svg]
[codervent.com/gum/nikon/demo/vertical/ltr/assets/flags/4x3/sy.svg]
[codervent.com/gum/nikon/demo/vertical/ltr/assets/flags/1x1/sy.svg]
[codervent.com/gum/nikon/demo/vertical/ltr/assets/flags/4x3/sz.svg]
[codervent.com/gum/nikon/demo/vertical/ltr/assets/flags/1x1/sz.svg]
[codervent.com/gum/nikon/demo/vertical/ltr/assets/flags/4x3/tc.svg]
[codervent.com/gum/nikon/demo/vertical/ltr/assets/flags/1x1/tc.svg]
[codervent.com/gum/nikon/demo/vertical/ltr/assets/flags/4x3/td.svg]
[codervent.com/gum/nikon/demo/vertical/ltr/assets/flags/1x1/td.svg]
[codervent.com/gum/nikon/demo/vertical/ltr/assets/flags/4x3/tf.svg]
[codervent.com/gum/nikon/demo/vertical/ltr/assets/flags/1x1/tf.svg]
[codervent.com/gum/nikon/demo/vertical/ltr/assets/flags/4x3/tg.svg]
[codervent.com/gum/nikon/demo/vertical/ltr/assets/flags/1x1/tg.svg]
[codervent.com/gum/nikon/demo/vertical/ltr/assets/flags/4x3/th.svg]
[codervent.com/gum/nikon/demo/vertical/ltr/assets/flags/1x1/th.svg]
[codervent.com/gum/nikon/demo/vertical/ltr/assets/flags/4x3/tj.svg]
[codervent.com/gum/nikon/demo/vertical/ltr/assets/flags/1x1/tj.svg]
[codervent.com/gum/nikon/demo/vertical/ltr/assets/flags/4x3/tk.svg]
[codervent.com/gum/nikon/demo/vertical/ltr/assets/flags/1x1/tk.svg]
[codervent.com/gum/nikon/demo/vertical/ltr/assets/flags/4x3/tl.svg]
[codervent.com/gum/nikon/demo/vertical/ltr/assets/flags/1x1/tl.svg]
[codervent.com/gum/nikon/demo/vertical/ltr/assets/flags/4x3/tm.svg]
[codervent.com/gum/nikon/demo/vertical/ltr/assets/flags/1x1/tm.svg]
[codervent.com/gum/nikon/demo/vertical/ltr/assets/flags/4x3/tn.svg]
[codervent.com/gum/nikon/demo/vertical/ltr/assets/flags/1x1/tn.svg]
[codervent.com/gum/nikon/demo/vertical/ltr/assets/flags/4x3/to.svg]
[codervent.com/gum/nikon/demo/vertical/ltr/assets/flags/1x1/to.svg]
[codervent.com/gum/nikon/demo/vertical/ltr/assets/flags/4x3/tr.svg]
[codervent.com/gum/nikon/demo/vertical/ltr/assets/flags/1x1/tr.svg]
[codervent.com/gum/nikon/demo/vertical/ltr/assets/flags/4x3/tt.svg]
[codervent.com/gum/nikon/demo/vertical/ltr/assets/flags/1x1/tt.svg]
[codervent.com/gum/nikon/demo/vertical/ltr/assets/flags/4x3/tv.svg]
[codervent.com/gum/nikon/demo/vertical/ltr/assets/flags/1x1/tv.svg]
[codervent.com/gum/nikon/demo/vertical/ltr/assets/flags/4x3/tw.svg]
[codervent.com/gum/nikon/demo/vertical/ltr/assets/flags/1x1/tw.svg]
[codervent.com/gum/nikon/demo/vertical/ltr/assets/flags/4x3/tz.svg]
[codervent.com/gum/nikon/demo/vertical/ltr/assets/flags/1x1/tz.svg]
[codervent.com/gum/nikon/demo/vertical/ltr/assets/flags/4x3/ua.svg]
[codervent.com/gum/nikon/demo/vertical/ltr/assets/flags/1x1/ua.svg]
[codervent.com/gum/nikon/demo/vertical/ltr/assets/flags/4x3/ug.svg]
[codervent.com/gum/nikon/demo/vertical/ltr/assets/flags/1x1/ug.svg]
[codervent.com/gum/nikon/demo/vertical/ltr/assets/flags/4x3/um.svg]
[codervent.com/gum/nikon/demo/vertical/ltr/assets/flags/1x1/um.svg]
[codervent.com/gum/nikon/demo/vertical/ltr/assets/flags/4x3/us.svg]
[codervent.com/gum/nikon/demo/vertical/ltr/assets/flags/1x1/us.svg]
[codervent.com/gum/nikon/demo/vertical/ltr/assets/flags/4x3/uy.svg]
[codervent.com/gum/nikon/demo/vertical/ltr/assets/flags/1x1/uy.svg]
[codervent.com/gum/nikon/demo/vertical/ltr/assets/flags/4x3/uz.svg]
[codervent.com/gum/nikon/demo/vertical/ltr/assets/flags/1x1/uz.svg]
[codervent.com/gum/nikon/demo/vertical/ltr/assets/flags/4x3/va.svg]
[codervent.com/gum/nikon/demo/vertical/ltr/assets/flags/1x1/va.svg]
[codervent.com/gum/nikon/demo/vertical/ltr/assets/flags/4x3/vc.svg]
[codervent.com/gum/nikon/demo/vertical/ltr/assets/flags/1x1/vc.svg]
[codervent.com/gum/nikon/demo/vertical/ltr/assets/flags/4x3/ve.svg]
[codervent.com/gum/nikon/demo/vertical/ltr/assets/flags/1x1/ve.svg]
[codervent.com/gum/nikon/demo/vertical/ltr/assets/flags/4x3/vg.svg]
[codervent.com/gum/nikon/demo/vertical/ltr/assets/flags/1x1/vg.svg]
[codervent.com/gum/nikon/demo/vertical/ltr/assets/flags/4x3/vi.svg]
[codervent.com/gum/nikon/demo/vertical/ltr/assets/flags/1x1/vi.svg]
[codervent.com/gum/nikon/demo/vertical/ltr/assets/flags/4x3/vn.svg]
[codervent.com/gum/nikon/demo/vertical/ltr/assets/flags/1x1/vn.svg]
[codervent.com/gum/nikon/demo/vertical/ltr/assets/flags/4x3/vu.svg]
[codervent.com/gum/nikon/demo/vertical/ltr/assets/flags/1x1/vu.svg]
[codervent.com/gum/nikon/demo/vertical/ltr/assets/flags/4x3/wf.svg]
[codervent.com/gum/nikon/demo/vertical/ltr/assets/flags/1x1/wf.svg]
[codervent.com/gum/nikon/demo/vertical/ltr/assets/flags/4x3/ws.svg]
[codervent.com/gum/nikon/demo/vertical/ltr/assets/flags/1x1/ws.svg]
[codervent.com/gum/nikon/demo/vertical/ltr/assets/flags/4x3/ye.svg]
[codervent.com/gum/nikon/demo/vertical/ltr/assets/flags/1x1/ye.svg]
[codervent.com/gum/nikon/demo/vertical/ltr/assets/flags/4x3/yt.svg]
[codervent.com/gum/nikon/demo/vertical/ltr/assets/flags/1x1/yt.svg]
[codervent.com/gum/nikon/demo/vertical/ltr/assets/flags/4x3/za.svg]
[codervent.com/gum/nikon/demo/vertical/ltr/assets/flags/1x1/za.svg]
[codervent.com/gum/nikon/demo/vertical/ltr/assets/flags/4x3/zm.svg]
[codervent.com/gum/nikon/demo/vertical/ltr/assets/flags/1x1/zm.svg]
[codervent.com/gum/nikon/demo/vertical/ltr/assets/flags/4x3/zw.svg]
[codervent.com/gum/nikon/demo/vertical/ltr/assets/flags/1x1/zw.svg]
[codervent.com/gum/nikon/demo/vertical/ltr/assets/flags/4x3/es-ct.svg]
[codervent.com/gum/nikon/demo/vertical/ltr/assets/flags/1x1/es-ct.svg]
[codervent.com/gum/nikon/demo/vertical/ltr/assets/flags/4x3/eu.svg]
[codervent.com/gum/nikon/demo/vertical/ltr/assets/flags/1x1/eu.svg]
[codervent.com/gum/nikon/demo/vertical/ltr/assets/flags/4x3/gb-eng.svg]
[codervent.com/gum/nikon/demo/vertical/ltr/assets/flags/1x1/gb-eng.svg]
[codervent.com/gum/nikon/demo/vertical/ltr/assets/flags/4x3/gb-nir.svg]
[codervent.com/gum/nikon/demo/vertical/ltr/assets/flags/1x1/gb-nir.svg]
[codervent.com/gum/nikon/demo/vertical/ltr/assets/flags/4x3/gb-sct.svg]
[codervent.com/gum/nikon/demo/vertical/ltr/assets/flags/1x1/gb-sct.svg]
[codervent.com/gum/nikon/demo/vertical/ltr/assets/flags/4x3/gb-wls.svg]
[codervent.com/gum/nikon/demo/vertical/ltr/assets/flags/1x1/gb-wls.svg]
[codervent.com/gum/nikon/demo/vertical/ltr/assets/flags/4x3/un.svg]
[codervent.com/gum/nikon/demo/vertical/ltr/assets/flags/1x1/un.svg]
